
* Info: Detected 16 Lprof instances in knl01: processes-per-node/ppn set accordingly.
If this is incorrect, rerun with an explicit value for this setting

* Info: Selecting the 'perf-high-ppn' engine for node knl01

* Info: Process launched (host knl01, process 44338)
* Info: Process launched (host knl01, process 44337)
* Info: Process launched (host knl01, process 44339)
* Info: Process launched (host knl01, process 44340)
* Info: Process launched (host knl01, process 44341)
* Info: Process launched (host knl01, process 44342)
* Info: Process launched (host knl01, process 44343)
* Info: Process launched (host knl01, process 44344)
* Info: Process launched (host knl01, process 44346)
* Info: Process launched (host knl01, process 44345)
* Info: Process launched (host knl01, process 44347)
* Info: Process launched (host knl01, process 44348)
* Info: Process launched (host knl01, process 44349)
* Info: Process launched (host knl01, process 44350)
* Info: Process launched (host knl01, process 44352)
* Info: Process launched (host knl01, process 44353)

 NAS Parallel Benchmarks (NPB3.4-MZ MPI+OpenMP) - LU-MZ Benchmark

 Number of zones:   4 x   4
 Total mesh size:   128 x   128 x  16
 Iterations: 250    dt:   2.000000
 Number of active processes:     16

 Use the default load factors
 Total number of threads:    256  ( 16.0 threads/process)

 Calculated speedup =    256.00

 Time step    1
 Time step   20
 Time step   40
 Time step   60
 Time step   80
 Time step  100
 Time step  120
 Time step  140
 Time step  160
 Time step  180
 Time step  200
 Time step  220
 Time step  240
 Time step  250

 Verification being performed for class A
 Accuracy setting for epsilon =  0.1000000000000E-07
 Comparison of RMS-norms of residual
           1   0.1131574877175E+04 0.1131574877175E+04 0.4018711974428E-13
           2   0.7965206944742E+02 0.7965206944742E+02 0.3978579117247E-13
           3   0.2705587159526E+03 0.2705587159526E+03 0.7395394145243E-13
           4   0.2129567530746E+03 0.2129567530746E+03 0.9529212030294E-13
           5   0.2260584655432E+04 0.2260584655432E+04 0.2635243180253E-13
 Comparison of RMS-norms of solution error
           1   0.1115694885382E+03 0.1115694885382E+03 0.3432681637180E-12
           2   0.1089257673798E+02 0.1089257673798E+02 0.1663411715862E-12
           3   0.2905379922066E+02 0.2905379922066E+02 0.6737656656025E-13
           4   0.2216126755530E+02 0.2216126755530E+02 0.6220099567567E-13
           5   0.2501762341026E+03 0.2501762341026E+03 0.7725259148616E-14
 Comparison of surface integral
               0.5904992211511E+03 0.5904992211511E+03 0.5987578859545E-13
 Verification Successful


 LU-MZ Benchmark Completed.
 Class           =                        A
 Size            =            128x  128x 16
 Iterations      =                      250
 Time in seconds =                     1.97
 Total processes =                       16
 Total threads   =                      256
 Mop/s total     =                 51995.72
 Mop/s/thread    =                   203.11
 Operation type  =           floating point
 Verification    =               SUCCESSFUL
 Version         =                    3.4.1
 Compile date    =              04 May 2022

 Compile options:
    FC           = mpif90
    FLINK        = $(FC)
    F_LIB        = (none)
    F_INC        = -march=native -funroll-loops
    FFLAGS       = -O3 -g -fopenmp
    FLINKFLAGS   = $(FFLAGS)
    RAND         = (none)


 Please send all errors/feedbacks to:

 NPB Development Team
 npb@nas.nasa.gov



* Info: Process finished (host knl01, process 44343)
* Info: Process finished (host knl01, process 44340)
* Info: Process finished (host knl01, process 44352)
* Info: Process finished (host knl01, process 44338)
* Info: Process finished (host knl01, process 44346)
* Info: Process finished (host knl01, process 44339)
* Info: Process finished (host knl01, process 44342)
* Info: Process finished (host knl01, process 44337)
* Info: Process finished (host knl01, process 44348)
* Info: Process finished (host knl01, process 44345)
* Info: Process finished (host knl01, process 44344)
* Info: Process finished (host knl01, process 44341)
* Info: Process finished (host knl01, process 44350)
* Info: Process finished (host knl01, process 44347)
* Info: Process finished (host knl01, process 44353)
* Info: Process finished (host knl01, process 44349)

Your experiment path is /users/user2210/NPB3.4-MZ-MPI/bin/lu-mz/tools/lprof_npsu_run_7

To display your profiling results:
##########################################################################################################################
#    LEVEL    |     REPORT     |                                         COMMAND                                         #
##########################################################################################################################
#  Functions  |  Cluster-wide  |  maqao lprof -df xp=/users/user2210/NPB3.4-MZ-MPI/bin/lu-mz/tools/lprof_npsu_run_7      #
#  Functions  |  Per-node      |  maqao lprof -df -dn xp=/users/user2210/NPB3.4-MZ-MPI/bin/lu-mz/tools/lprof_npsu_run_7  #
#  Functions  |  Per-process   |  maqao lprof -df -dp xp=/users/user2210/NPB3.4-MZ-MPI/bin/lu-mz/tools/lprof_npsu_run_7  #
#  Functions  |  Per-thread    |  maqao lprof -df -dt xp=/users/user2210/NPB3.4-MZ-MPI/bin/lu-mz/tools/lprof_npsu_run_7  #
#  Loops      |  Cluster-wide  |  maqao lprof -dl xp=/users/user2210/NPB3.4-MZ-MPI/bin/lu-mz/tools/lprof_npsu_run_7      #
#  Loops      |  Per-node      |  maqao lprof -dl -dn xp=/users/user2210/NPB3.4-MZ-MPI/bin/lu-mz/tools/lprof_npsu_run_7  #
#  Loops      |  Per-process   |  maqao lprof -dl -dp xp=/users/user2210/NPB3.4-MZ-MPI/bin/lu-mz/tools/lprof_npsu_run_7  #
#  Loops      |  Per-thread    |  maqao lprof -dl -dt xp=/users/user2210/NPB3.4-MZ-MPI/bin/lu-mz/tools/lprof_npsu_run_7  #
##########################################################################################################################

