
* Info: Selecting the 'perf-low-ppn' engine for node knl06

* Info: Process launched (host knl06, process 1990327)
[1mTotal memory size:[0m 4800000 B, 4687 KiB, 4 MiB

n= 100000 
[1m Step    Time, s Interact/s  GFLOP/s[0m
    0  6.136e-01  1.630e+10    374.9 *
    1  5.873e-01  1.703e+10    391.6 *
    2  5.449e-01  1.835e+10    422.1 *
    3  5.608e-01  1.783e+10    410.1 
    4  5.457e-01  1.832e+10    421.5 
    5  5.487e-01  1.822e+10    419.1 
    6  5.428e-01  1.842e+10    423.8 
    7  5.442e-01  1.838e+10    422.7 
    8  5.435e-01  1.840e+10    423.1 
    9  5.466e-01  1.830e+10    420.8 
-----------------------------------------------------
[1mAverage performance:      [42m     420.2 +- 4.3 GFLOP/s[0m
-----------------------------------------------------
Somme X = 4792.222313 
Somme Y = 50006.166362 
Somme Z = 4755.581791 
Somme VX = 50021.557568 
Somme VY = -192.405040 
Somme VZ = 50014.572851 

* Info: Process finished (host knl06, process 1990327)
* Info: Dumping samples (host knl06, process 1990327)
* Info: Dumping source info for callchain nodes (host knl06, process 1990327)
* Info: Building/writing metadata (host knl06)
* Info: Finished collect step (host knl06, process 1990327)

Your experiment path is /users/user2234/Code_Nbody3D/rapport_openMP/tools/lprof_npsu_run_8

To display your profiling results:
##############################################################################################################################
#    LEVEL    |     REPORT     |                                           COMMAND                                           #
##############################################################################################################################
#  Functions  |  Cluster-wide  |  maqao lprof -df xp=/users/user2234/Code_Nbody3D/rapport_openMP/tools/lprof_npsu_run_8      #
#  Functions  |  Per-node      |  maqao lprof -df -dn xp=/users/user2234/Code_Nbody3D/rapport_openMP/tools/lprof_npsu_run_8  #
#  Functions  |  Per-process   |  maqao lprof -df -dp xp=/users/user2234/Code_Nbody3D/rapport_openMP/tools/lprof_npsu_run_8  #
#  Functions  |  Per-thread    |  maqao lprof -df -dt xp=/users/user2234/Code_Nbody3D/rapport_openMP/tools/lprof_npsu_run_8  #
#  Loops      |  Cluster-wide  |  maqao lprof -dl xp=/users/user2234/Code_Nbody3D/rapport_openMP/tools/lprof_npsu_run_8      #
#  Loops      |  Per-node      |  maqao lprof -dl -dn xp=/users/user2234/Code_Nbody3D/rapport_openMP/tools/lprof_npsu_run_8  #
#  Loops      |  Per-process   |  maqao lprof -dl -dp xp=/users/user2234/Code_Nbody3D/rapport_openMP/tools/lprof_npsu_run_8  #
#  Loops      |  Per-thread    |  maqao lprof -dl -dt xp=/users/user2234/Code_Nbody3D/rapport_openMP/tools/lprof_npsu_run_8  #
##############################################################################################################################

