
* Info: Detected 4 Lprof instances in fob1: processes-per-node/ppn set accordingly.
If this is incorrect, rerun with an explicit value for this setting
[0m
* Info: Process launched (host fob1, process 526193)[0m
* Info: Process launched (host fob1, process 526195)[0m
* Info: Process launched (host fob1, process 526198)[0m
* Info: Process launched (host fob1, process 526201)[0m

 NAS Parallel Benchmarks (NPB3.4-MZ MPI+OpenMP) - BT-MZ Benchmark

 Number of zones:   4 x   4
 Total mesh size:   128 x   128 x  16
 Iterations: 200    dt:   0.000800
 Number of active processes:      4

 Use the default load factors
 Total number of threads:      4  (  1.0 threads/process)

 Calculated speedup =      3.91

 Time step    1
 Time step   20
 Time step   40
 Time step   60
 Time step   80
 Time step  100
 Time step  120
 Time step  140
 Time step  160
 Time step  180
 Time step  200
 Verification being performed for class A
 accuracy setting for epsilon =  0.1000000000000E-07
 Comparison of RMS-norms of residual
           1 0.5536703889522E+05 0.5536703889522E+05 0.5887309627164E-13
           2 0.5077835038405E+04 0.5077835038405E+04 0.6143497777078E-13
           3 0.1067391361067E+05 0.1067391361067E+05 0.4493829753649E-12
           4 0.6441179694972E+04 0.6441179694972E+04 0.5379720762114E-13
           5 0.4371926324069E+05 0.4371926324069E+05 0.9236561132424E-13
 Comparison of RMS-norms of solution error
           1 0.6716797714343E+04 0.6716797714343E+04 0.6634893930438E-13
           2 0.6512687902160E+03 0.6512687902160E+03 0.4887738371663E-13
           3 0.1332930740128E+04 0.1332930740128E+04 0.2519492637685E-12
           4 0.7848302089180E+03 0.7848302089180E+03 0.4910595635808E-13
           5 0.5429053878818E+04 0.5429053878818E+04 0.8794989497042E-13
 Verification Successful


 BT-MZ Benchmark Completed.
 Class           =                        A
 Size            =            128x  128x 16
 Iterations      =                      200
 Time in seconds =                    11.85
 Total processes =                        4
 Total threads   =                        4
 Mop/s total     =                 12342.46
 Mop/s/thread    =                  3085.61
 Operation type  =           floating point
 Verification    =               SUCCESSFUL
 Version         =                    3.4.1
 Compile date    =              20 Apr 2022

 Compile options:
    FC           = mpif90
    FLINK        = $(FC)
    F_LIB        = (none)
    F_INC        = -march=native -funroll-loops
    FFLAGS       = -O3 -g -fopenmp
    FLINKFLAGS   = $(FFLAGS)
    RAND         = (none)


 Please send all errors/feedbacks to:

 NPB Development Team
 npb@nas.nasa.gov



* Info: Process finished (host fob1, process 526193)[0m
* Info: Process finished (host fob1, process 526201)[0m
* Info: Process finished (host fob1, process 526198)[0m
* Info: Process finished (host fob1, process 526195)[0m

Your experiment path is /users/user2210/NPB3.4-MZ-MPI/bin/Compare/tools/lprof_npsu_run_2

To display your profiling results:
############################################################################################################################
#    LEVEL    |     REPORT     |                                          COMMAND                                          #
############################################################################################################################
#  Functions  |  Cluster-wide  |  maqao lprof -df xp=/users/user2210/NPB3.4-MZ-MPI/bin/Compare/tools/lprof_npsu_run_2      #
#  Functions  |  Per-node      |  maqao lprof -df -dn xp=/users/user2210/NPB3.4-MZ-MPI/bin/Compare/tools/lprof_npsu_run_2  #
#  Functions  |  Per-process   |  maqao lprof -df -dp xp=/users/user2210/NPB3.4-MZ-MPI/bin/Compare/tools/lprof_npsu_run_2  #
#  Functions  |  Per-thread    |  maqao lprof -df -dt xp=/users/user2210/NPB3.4-MZ-MPI/bin/Compare/tools/lprof_npsu_run_2  #
#  Loops      |  Cluster-wide  |  maqao lprof -dl xp=/users/user2210/NPB3.4-MZ-MPI/bin/Compare/tools/lprof_npsu_run_2      #
#  Loops      |  Per-node      |  maqao lprof -dl -dn xp=/users/user2210/NPB3.4-MZ-MPI/bin/Compare/tools/lprof_npsu_run_2  #
#  Loops      |  Per-process   |  maqao lprof -dl -dp xp=/users/user2210/NPB3.4-MZ-MPI/bin/Compare/tools/lprof_npsu_run_2  #
#  Loops      |  Per-thread    |  maqao lprof -dl -dt xp=/users/user2210/NPB3.4-MZ-MPI/bin/Compare/tools/lprof_npsu_run_2  #
############################################################################################################################

