
* Info: Detected 8 Lprof instances in knl06: processes-per-node/ppn set accordingly.
If this is incorrect, rerun with an explicit value for this setting

* Info: Selecting the 'perf-high-ppn' engine for node knl06

* Info: Process launched (host knl06, process 2169103)
* Info: Process launched (host knl06, process 2169105)
* Info: Process launched (host knl06, process 2169101)
* Info: Process launched (host knl06, process 2169104)
* Info: Process launched (host knl06, process 2169102)
* Info: Process launched (host knl06, process 2169098)
* Info: Process launched (host knl06, process 2169100)
* Info: Process launched (host knl06, process 2169099)=================== CONFIG ===================
iterations           = 200
width                = 800
height               = 160
obstacle x coord     = 161.000000
obstacle y coord     = 83.000000
obstacle radius      = 17.000000
reynolds number      = 100.000000
inflow max velocity  = 0.100000
output filename      = results.raw
write interval       = 50
------------ Derived parameters --------------
kinetic viscosity    = 0.034000
relax parameter      = 1.661130
==============================================
[1mRank [33m0[0m: L = -1, R =  1, T = -1, B = -1 | CORNER: -1, -1, -1, -1 | POS:   0   0 (W = 102, H = 162)
[1mRank [33m1[0m: L =  0, R =  2, T = -1, B = -1 | CORNER: -1, -1, -1, -1 | POS: 100   0 (W = 102, H = 162)
[1mRank [33m2[0m: L =  1, R =  3, T = -1, B = -1 | CORNER: -1, -1, -1, -1 | POS: 200   0 (W = 102, H = 162)
[1mRank [33m3[0m: L =  2, R =  4, T = -1, B = -1 | CORNER: -1, -1, -1, -1 | POS: 300   0 (W = 102, H = 162)
[1mRank [33m4[0m: L =  3, R =  5, T = -1, B = -1 | CORNER: -1, -1, -1, -1 | POS: 400   0 (W = 102, H = 162)
[1mRank [33m5[0m: L =  4, R =  6, T = -1, B = -1 | CORNER: -1, -1, -1, -1 | POS: 500   0 (W = 102, H = 162)
[1mRank [33m6[0m: L =  5, R =  7, T = -1, B = -1 | CORNER: -1, -1, -1, -1 | POS: 600   0 (W = 102, H = 162)
[1mRank [33m7[0m: L =  6, R = -1, T = -1, B = -1 | CORNER: -1, -1, -1, -1 | POS: 700   0 (W = 102, H = 162)
[1mRank [33m1[0m: local average loop latency: [36m6.210543ms[0m
[1mRank [33m1[0m: local simulation latency:   [36m1.242236497s[0m

[1mRank [33m3[0m: local average loop latency: [36m6.167069ms[0m
[1mRank [33m3[0m: local simulation latency:   [36m1.233541678s[0m

[1mRank [33m4[0m: local average loop latency: [36m6.144862ms[0m
[1mRank [33m4[0m: local simulation latency:   [36m1.229096875s[0m

[1mRank [33m5[0m: local average loop latency: [36m6.123895ms[0m
[1mRank [33m5[0m: local simulation latency:   [36m1.224896919s[0m

[1mRank [33m6[0m: local average loop latency: [36m6.101825ms[0m
[1mRank [33m6[0m: local simulation latency:   [36m1.220492684s[0m

[1mRank [33m7[0m: local average loop latency: [36m6.079167ms[0m
[1mRank [33m7[0m: local simulation latency:   [36m1.215971147s[0m

[1mRank [33m0[0m: local average loop latency: [36m6.070238ms[0m
[1mRank [33m0[0m: local simulation latency:   [36m1.214162101s[0m

Global average loop latency:        6.135752ms
Global simulation latency:          1.227274642s
[1mRank [33m2[0m: local average loop latency: [36m6.188415ms[0m
[1mRank [33m2[0m: local simulation latency:   [36m1.237799232s[0m


* Info: Process finished (host knl06, process 2169102)
* Info: Process finished (host knl06, process 2169098)
* Info: Process finished (host knl06, process 2169105)
* Info: Process finished (host knl06, process 2169100)
* Info: Process finished (host knl06, process 2169099)
* Info: Process finished (host knl06, process 2169104)
* Info: Process finished (host knl06, process 2169101)
* Info: Process finished (host knl06, process 2169103)

Your experiment path is /users/user2207/lbm_opt/target/multi/tools/lprof_npsu_run_3

To display your profiling results:
#######################################################################################################################
#    LEVEL    |     REPORT     |                                       COMMAND                                        #
#######################################################################################################################
#  Functions  |  Cluster-wide  |  maqao lprof -df xp=/users/user2207/lbm_opt/target/multi/tools/lprof_npsu_run_3      #
#  Functions  |  Per-node      |  maqao lprof -df -dn xp=/users/user2207/lbm_opt/target/multi/tools/lprof_npsu_run_3  #
#  Functions  |  Per-process   |  maqao lprof -df -dp xp=/users/user2207/lbm_opt/target/multi/tools/lprof_npsu_run_3  #
#  Functions  |  Per-thread    |  maqao lprof -df -dt xp=/users/user2207/lbm_opt/target/multi/tools/lprof_npsu_run_3  #
#  Loops      |  Cluster-wide  |  maqao lprof -dl xp=/users/user2207/lbm_opt/target/multi/tools/lprof_npsu_run_3      #
#  Loops      |  Per-node      |  maqao lprof -dl -dn xp=/users/user2207/lbm_opt/target/multi/tools/lprof_npsu_run_3  #
#  Loops      |  Per-process   |  maqao lprof -dl -dp xp=/users/user2207/lbm_opt/target/multi/tools/lprof_npsu_run_3  #
#  Loops      |  Per-thread    |  maqao lprof -dl -dt xp=/users/user2207/lbm_opt/target/multi/tools/lprof_npsu_run_3  #
#######################################################################################################################

