
* Info: Detected 2 Lprof instances in knl06: processes-per-node/ppn set accordingly.
If this is incorrect, rerun with an explicit value for this setting

* Info: Selecting the 'perf-low-ppn' engine for node knl06

* Info: Process launched (host knl06, process 2175083)
* Info: Process launched (host knl06, process 2175084)=================== CONFIG ===================
iterations           = 200
width                = 800
height               = 160
obstacle x coord     = 161.000000
obstacle y coord     = 83.000000
obstacle radius      = 17.000000
reynolds number      = 100.000000
inflow max velocity  = 0.100000
output filename      = results.raw
write interval       = 50
------------ Derived parameters --------------
kinetic viscosity    = 0.034000
relax parameter      = 1.661130
==============================================
[1mRank [33m0[0m: L = -1, R =  1, T = -1, B = -1 | CORNER: -1, -1, -1, -1 | POS:   0   0 (W = 402, H = 162)
[1mRank [33m1[0m: L =  0, R = -1, T = -1, B = -1 | CORNER: -1, -1, -1, -1 | POS: 400   0 (W = 402, H = 162)
[1mRank [33m0[0m: local average loop latency: [36m17.337858ms[0m
[1mRank [33m0[0m: local simulation latency:   [36m3.467683365s[0m

Global average loop latency:        17.360515ms
Global simulation latency:          3.472214731s
[1mRank [33m1[0m: local average loop latency: [36m17.383172ms[0m
[1mRank [33m1[0m: local simulation latency:   [36m3.476746096s[0m


* Info: Process finished (host knl06, process 2175084)
* Info: Process finished (host knl06, process 2175083)

Your experiment path is /users/user2236/lbm_opt/target/Compare/tools/lprof_npsu_run_1

To display your profiling results:
#########################################################################################################################
#    LEVEL    |     REPORT     |                                        COMMAND                                         #
#########################################################################################################################
#  Functions  |  Cluster-wide  |  maqao lprof -df xp=/users/user2236/lbm_opt/target/Compare/tools/lprof_npsu_run_1      #
#  Functions  |  Per-node      |  maqao lprof -df -dn xp=/users/user2236/lbm_opt/target/Compare/tools/lprof_npsu_run_1  #
#  Functions  |  Per-process   |  maqao lprof -df -dp xp=/users/user2236/lbm_opt/target/Compare/tools/lprof_npsu_run_1  #
#  Functions  |  Per-thread    |  maqao lprof -df -dt xp=/users/user2236/lbm_opt/target/Compare/tools/lprof_npsu_run_1  #
#  Loops      |  Cluster-wide  |  maqao lprof -dl xp=/users/user2236/lbm_opt/target/Compare/tools/lprof_npsu_run_1      #
#  Loops      |  Per-node      |  maqao lprof -dl -dn xp=/users/user2236/lbm_opt/target/Compare/tools/lprof_npsu_run_1  #
#  Loops      |  Per-process   |  maqao lprof -dl -dp xp=/users/user2236/lbm_opt/target/Compare/tools/lprof_npsu_run_1  #
#  Loops      |  Per-thread    |  maqao lprof -dl -dt xp=/users/user2236/lbm_opt/target/Compare/tools/lprof_npsu_run_1  #
#########################################################################################################################

