
* Info: Selecting the 'perf-low-ppn' engine for node knl06

* Info: Process launched (host knl06, process 2074657)
[1mTotal memory size:[0m 4800000 B, 4687 KiB, 4 MiB

[1m Step    Time, s Interact/s  GFLOP/s[0m
    0  1.288e+01  7.764e+08     17.9 *
    1  1.289e+01  7.756e+08     17.8 *
    2  1.292e+01  7.738e+08     17.8 *
    3  1.289e+01  7.757e+08     17.8 
    4  1.291e+01  7.747e+08     17.8 
    5  1.289e+01  7.755e+08     17.8 
    6  1.293e+01  7.733e+08     17.8 
    7  1.288e+01  7.764e+08     17.9 
    8  1.293e+01  7.736e+08     17.8 
    9  1.290e+01  7.751e+08     17.8 
-----------------------------------------------------
[1mAverage performance:      [42m      17.8 +- 0.0 GFLOP/s[0m
-----------------------------------------------------
Somme X = 4792.223751 
Somme Y = 50006.168259 
Somme Z = 4755.584428 
Somme VX = 50021.565381 
Somme VY = -192.404857 
Somme VZ = 50014.574854 

* Info: Process finished (host knl06, process 2074657)
* Info: Dumping samples (host knl06, process 2074657)
* Info: Dumping source info for callchain nodes (host knl06, process 2074657)
* Info: Building/writing metadata (host knl06)
* Info: Finished collect step (host knl06, process 2074657)

Your experiment path is /users/user2234/Code_Nbody3D/maqao_2022-05-07_00-11-57/tools/lprof_npsu_run_0

To display your profiling results:
#########################################################################################################################################
#    LEVEL    |     REPORT     |                                                COMMAND                                                 #
#########################################################################################################################################
#  Functions  |  Cluster-wide  |  maqao lprof -df xp=/users/user2234/Code_Nbody3D/maqao_2022-05-07_00-11-57/tools/lprof_npsu_run_0      #
#  Functions  |  Per-node      |  maqao lprof -df -dn xp=/users/user2234/Code_Nbody3D/maqao_2022-05-07_00-11-57/tools/lprof_npsu_run_0  #
#  Functions  |  Per-process   |  maqao lprof -df -dp xp=/users/user2234/Code_Nbody3D/maqao_2022-05-07_00-11-57/tools/lprof_npsu_run_0  #
#  Functions  |  Per-thread    |  maqao lprof -df -dt xp=/users/user2234/Code_Nbody3D/maqao_2022-05-07_00-11-57/tools/lprof_npsu_run_0  #
#  Loops      |  Cluster-wide  |  maqao lprof -dl xp=/users/user2234/Code_Nbody3D/maqao_2022-05-07_00-11-57/tools/lprof_npsu_run_0      #
#  Loops      |  Per-node      |  maqao lprof -dl -dn xp=/users/user2234/Code_Nbody3D/maqao_2022-05-07_00-11-57/tools/lprof_npsu_run_0  #
#  Loops      |  Per-process   |  maqao lprof -dl -dp xp=/users/user2234/Code_Nbody3D/maqao_2022-05-07_00-11-57/tools/lprof_npsu_run_0  #
#  Loops      |  Per-thread    |  maqao lprof -dl -dt xp=/users/user2234/Code_Nbody3D/maqao_2022-05-07_00-11-57/tools/lprof_npsu_run_0  #
#########################################################################################################################################

