
* Info: Detected 3 Lprof instances in knl06: processes-per-node/ppn set accordingly.
If this is incorrect, rerun with an explicit value for this setting

* Info: Selecting the 'perf-low-ppn' engine for node knl06

* Info: Process launched (host knl06, process 1983617)
* Info: Process launched (host knl06, process 1983618)
* Info: Process launched (host knl06, process 1983619)
[1mTotal memory size:[0m 4800000 B, 4687 KiB, 4 MiB

n= 100000 
[1m Step    Time, s Interact/s  GFLOP/s[0m
    0  1.475e+00  6.778e+09    155.9 *
    1  1.116e+00  8.959e+09    206.1 *
    2  1.116e+00  8.960e+09    206.1 *
    3  1.116e+00  8.963e+09    206.2 
    4  1.115e+00  8.965e+09    206.2 
    5  1.116e+00  8.963e+09    206.2 
    6  1.116e+00  8.963e+09    206.2 
    7  1.115e+00  8.966e+09    206.2 
    8  1.116e+00  8.963e+09    206.2 
    9  1.116e+00  8.961e+09    206.1 
-----------------------------------------------------
[1mAverage performance:      [42m     206.2 +- 0.0 GFLOP/s[0m
-----------------------------------------------------
Somme X = 4792.197307 
Somme Y = 50006.259570 
Somme Z = 4755.600576 
Somme VX = 50021.965815 
Somme VY = -192.452876 
Somme VZ = 50014.838538 

* Info: Process finished (host knl06, process 1983617)
* Info: Process finished (host knl06, process 1983619)
* Info: Process finished (host knl06, process 1983618)

Your experiment path is /users/user2234/Code_Nbody3D/rapport/tools/lprof_npsu_run_2

To display your profiling results:
#######################################################################################################################
#    LEVEL    |     REPORT     |                                       COMMAND                                        #
#######################################################################################################################
#  Functions  |  Cluster-wide  |  maqao lprof -df xp=/users/user2234/Code_Nbody3D/rapport/tools/lprof_npsu_run_2      #
#  Functions  |  Per-node      |  maqao lprof -df -dn xp=/users/user2234/Code_Nbody3D/rapport/tools/lprof_npsu_run_2  #
#  Functions  |  Per-process   |  maqao lprof -df -dp xp=/users/user2234/Code_Nbody3D/rapport/tools/lprof_npsu_run_2  #
#  Functions  |  Per-thread    |  maqao lprof -df -dt xp=/users/user2234/Code_Nbody3D/rapport/tools/lprof_npsu_run_2  #
#  Loops      |  Cluster-wide  |  maqao lprof -dl xp=/users/user2234/Code_Nbody3D/rapport/tools/lprof_npsu_run_2      #
#  Loops      |  Per-node      |  maqao lprof -dl -dn xp=/users/user2234/Code_Nbody3D/rapport/tools/lprof_npsu_run_2  #
#  Loops      |  Per-process   |  maqao lprof -dl -dp xp=/users/user2234/Code_Nbody3D/rapport/tools/lprof_npsu_run_2  #
#  Loops      |  Per-thread    |  maqao lprof -dl -dt xp=/users/user2234/Code_Nbody3D/rapport/tools/lprof_npsu_run_2  #
#######################################################################################################################

