
* Info: Selecting the 'perf-low-ppn' engine for node knl06

* Info: Process launched (host knl06, process 1988817)
[1mTotal memory size:[0m 4800000 B, 4687 KiB, 4 MiB

n= 100000 
[1m Step    Time, s Interact/s  GFLOP/s[0m
    0  1.999e+00  5.002e+09    115.0 *
    1  1.982e+00  5.045e+09    116.0 *
    2  1.981e+00  5.047e+09    116.1 *
    3  1.979e+00  5.052e+09    116.2 
    4  1.978e+00  5.056e+09    116.3 
    5  1.977e+00  5.059e+09    116.4 
    6  1.976e+00  5.059e+09    116.4 
    7  1.999e+00  5.003e+09    115.1 
    8  1.982e+00  5.044e+09    116.0 
    9  1.980e+00  5.049e+09    116.1 
-----------------------------------------------------
[1mAverage performance:      [42m     116.1 +- 0.4 GFLOP/s[0m
-----------------------------------------------------
Somme X = 4792.222313 
Somme Y = 50006.166362 
Somme Z = 4755.581791 
Somme VX = 50021.557568 
Somme VY = -192.405040 
Somme VZ = 50014.572851 

* Info: Process finished (host knl06, process 1988817)
* Info: Dumping samples (host knl06, process 1988817)
* Info: Dumping source info for callchain nodes (host knl06, process 1988817)
* Info: Building/writing metadata (host knl06)
* Info: Finished collect step (host knl06, process 1988817)

Your experiment path is /users/user2234/Code_Nbody3D/rapport_openMP/tools/lprof_npsu_run_4

To display your profiling results:
##############################################################################################################################
#    LEVEL    |     REPORT     |                                           COMMAND                                           #
##############################################################################################################################
#  Functions  |  Cluster-wide  |  maqao lprof -df xp=/users/user2234/Code_Nbody3D/rapport_openMP/tools/lprof_npsu_run_4      #
#  Functions  |  Per-node      |  maqao lprof -df -dn xp=/users/user2234/Code_Nbody3D/rapport_openMP/tools/lprof_npsu_run_4  #
#  Functions  |  Per-process   |  maqao lprof -df -dp xp=/users/user2234/Code_Nbody3D/rapport_openMP/tools/lprof_npsu_run_4  #
#  Functions  |  Per-thread    |  maqao lprof -df -dt xp=/users/user2234/Code_Nbody3D/rapport_openMP/tools/lprof_npsu_run_4  #
#  Loops      |  Cluster-wide  |  maqao lprof -dl xp=/users/user2234/Code_Nbody3D/rapport_openMP/tools/lprof_npsu_run_4      #
#  Loops      |  Per-node      |  maqao lprof -dl -dn xp=/users/user2234/Code_Nbody3D/rapport_openMP/tools/lprof_npsu_run_4  #
#  Loops      |  Per-process   |  maqao lprof -dl -dp xp=/users/user2234/Code_Nbody3D/rapport_openMP/tools/lprof_npsu_run_4  #
#  Loops      |  Per-thread    |  maqao lprof -dl -dt xp=/users/user2234/Code_Nbody3D/rapport_openMP/tools/lprof_npsu_run_4  #
##############################################################################################################################

