
* Info: Detected 32 Lprof instances in knl06: processes-per-node/ppn set accordingly.
If this is incorrect, rerun with an explicit value for this setting

* Info: Selecting the 'perf-high-ppn' engine for node knl06

* Info: Process launched (host knl06, process 2177477)
* Info: Process launched (host knl06, process 2177478)
* Info: Process launched (host knl06, process 2177475)
* Info: Process launched (host knl06, process 2177476)
* Info: Process launched (host knl06, process 2177479)
* Info: Process launched (host knl06, process 2177474)
* Info: Process launched (host knl06, process 2177486)
* Info: Process launched (host knl06, process 2177480)
* Info: Process launched (host knl06, process 2177481)
* Info: Process launched (host knl06, process 2177483)
* Info: Process launched (host knl06, process 2177485)
* Info: Process launched (host knl06, process 2177482)
* Info: Process launched (host knl06, process 2177484)
* Info: Process launched (host knl06, process 2177487)
* Info: Process launched (host knl06, process 2177489)
* Info: Process launched (host knl06, process 2177488)
* Info: Process launched (host knl06, process 2177490)
* Info: Process launched (host knl06, process 2177491)
* Info: Process launched (host knl06, process 2177492)
* Info: Process launched (host knl06, process 2177493)
* Info: Process launched (host knl06, process 2177494)
* Info: Process launched (host knl06, process 2177495)
* Info: Process launched (host knl06, process 2177496)
* Info: Process launched (host knl06, process 2177497)
* Info: Process launched (host knl06, process 2177498)
* Info: Process launched (host knl06, process 2177499)
* Info: Process launched (host knl06, process 2177500)
* Info: Process launched (host knl06, process 2177501)
* Info: Process launched (host knl06, process 2177502)
* Info: Process launched (host knl06, process 2177503)
* Info: Process launched (host knl06, process 2177504)
* Info: Process launched (host knl06, process 2177505)[1mRank [33m3[0m: L =  2, R =  4, T = -1, B = -1 | CORNER: -1, -1, -1, -1 | POS:  75   0 (W =  27, H = 162)
[1mRank [33m6[0m: L =  5, R =  7, T = -1, B = -1 | CORNER: -1, -1, -1, -1 | POS: 150   0 (W =  27, H = 162)
[1mRank [33m8[0m: L =  7, R =  9, T = -1, B = -1 | CORNER: -1, -1, -1, -1 | POS: 200   0 (W =  27, H = 162)
[1mRank [33m9[0m: L =  8, R = 10, T = -1, B = -1 | CORNER: -1, -1, -1, -1 | POS: 225   0 (W =  27, H = 162)
[1mRank [33m10[0m: L =  9, R = 11, T = -1, B = -1 | CORNER: -1, -1, -1, -1 | POS: 250   0 (W =  27, H = 162)
[1mRank [33m11[0m: L = 10, R = 12, T = -1, B = -1 | CORNER: -1, -1, -1, -1 | POS: 275   0 (W =  27, H = 162)
[1mRank [33m13[0m: L = 12, R = 14, T = -1, B = -1 | CORNER: -1, -1, -1, -1 | POS: 325   0 (W =  27, H = 162)
[1mRank [33m14[0m: L = 13, R = 15, T = -1, B = -1 | CORNER: -1, -1, -1, -1 | POS: 350   0 (W =  27, H = 162)
[1mRank [33m15[0m: L = 14, R = 16, T = -1, B = -1 | CORNER: -1, -1, -1, -1 | POS: 375   0 (W =  27, H = 162)
[1mRank [33m16[0m: L = 15, R = 17, T = -1, B = -1 | CORNER: -1, -1, -1, -1 | POS: 400   0 (W =  27, H = 162)
[1mRank [33m17[0m: L = 16, R = 18, T = -1, B = -1 | CORNER: -1, -1, -1, -1 | POS: 425   0 (W =  27, H = 162)
[1mRank [33m18[0m: L = 17, R = 19, T = -1, B = -1 | CORNER: -1, -1, -1, -1 | POS: 450   0 (W =  27, H = 162)
[1mRank [33m19[0m: L = 18, R = 20, T = -1, B = -1 | CORNER: -1, -1, -1, -1 | POS: 475   0 (W =  27, H = 162)
[1mRank [33m20[0m: L = 19, R = 21, T = -1, B = -1 | CORNER: -1, -1, -1, -1 | POS: 500   0 (W =  27, H = 162)
[1mRank [33m21[0m: L = 20, R = 22, T = -1, B = -1 | CORNER: -1, -1, -1, -1 | POS: 525   0 (W =  27, H = 162)
[1mRank [33m22[0m: L = 21, R = 23, T = -1, B = -1 | CORNER: -1, -1, -1, -1 | POS: 550   0 (W =  27, H = 162)
[1mRank [33m23[0m: L = 22, R = 24, T = -1, B = -1 | CORNER: -1, -1, -1, -1 | POS: 575   0 (W =  27, H = 162)
[1mRank [33m25[0m: L = 24, R = 26, T = -1, B = -1 | CORNER: -1, -1, -1, -1 | POS: 625   0 (W =  27, H = 162)
[1mRank [33m26[0m: L = 25, R = 27, T = -1, B = -1 | CORNER: -1, -1, -1, -1 | POS: 650   0 (W =  27, H = 162)
[1mRank [33m27[0m: L = 26, R = 28, T = -1, B = -1 | CORNER: -1, -1, -1, -1 | POS: 675   0 (W =  27, H = 162)
[1mRank [33m28[0m: L = 27, R = 29, T = -1, B = -1 | CORNER: -1, -1, -1, -1 | POS: 700   0 (W =  27, H = 162)
[1mRank [33m29[0m: L = 28, R = 30, T = -1, B = -1 | CORNER: -1, -1, -1, -1 | POS: 725   0 (W =  27, H = 162)
[1mRank [33m5[0m: L =  4, R =  6, T = -1, B = -1 | CORNER: -1, -1, -1, -1 | POS: 125   0 (W =  27, H = 162)
[1mRank [33m12[0m: L = 11, R = 13, T = -1, B = -1 | CORNER: -1, -1, -1, -1 | POS: 300   0 (W =  27, H = 162)
[1mRank [33m24[0m: L = 23, R = 25, T = -1, B = -1 | CORNER: -1, -1, -1, -1 | POS: 600   0 (W =  27, H = 162)
=================== CONFIG ===================
iterations           = 200
width                = 800
height               = 160
obstacle x coord     = 161.000000
obstacle y coord     = 83.000000
obstacle radius      = 17.000000
reynolds number      = 100.000000
inflow max velocity  = 0.100000
output filename      = results.raw
write interval       = 50
------------ Derived parameters --------------
kinetic viscosity    = 0.034000
relax parameter      = 1.661130
==============================================
[1mRank [33m0[0m: L = -1, R =  1, T = -1, B = -1 | CORNER: -1, -1, -1, -1 | POS:   0   0 (W =  27, H = 162)
[1mRank [33m2[0m: L =  1, R =  3, T = -1, B = -1 | CORNER: -1, -1, -1, -1 | POS:  50   0 (W =  27, H = 162)
[1mRank [33m30[0m: L = 29, R = 31, T = -1, B = -1 | CORNER: -1, -1, -1, -1 | POS: 750   0 (W =  27, H = 162)
[1mRank [33m1[0m: L =  0, R =  2, T = -1, B = -1 | CORNER: -1, -1, -1, -1 | POS:  25   0 (W =  27, H = 162)
[1mRank [33m4[0m: L =  3, R =  5, T = -1, B = -1 | CORNER: -1, -1, -1, -1 | POS: 100   0 (W =  27, H = 162)
[1mRank [33m7[0m: L =  6, R =  8, T = -1, B = -1 | CORNER: -1, -1, -1, -1 | POS: 175   0 (W =  27, H = 162)
[1mRank [33m31[0m: L = 30, R = -1, T = -1, B = -1 | CORNER: -1, -1, -1, -1 | POS: 775   0 (W =  27, H = 162)
[1mRank [33m1[0m: local average loop latency: [36m3.047714ms[0m
[1mRank [33m1[0m: local simulation latency:   [36m0.609655345s[0m

[1mRank [33m3[0m: local average loop latency: [36m3.017606ms[0m
[1mRank [33m3[0m: local simulation latency:   [36m0.603581077s[0m

[1mRank [33m5[0m: local average loop latency: [36m2.984661ms[0m
[1mRank [33m5[0m: local simulation latency:   [36m0.596993398s[0m

[1mRank [33m7[0m: local average loop latency: [36m2.954048ms[0m
[1mRank [33m7[0m: local simulation latency:   [36m0.590932833s[0m

[1mRank [33m9[0m: local average loop latency: [36m2.927712ms[0m
[1mRank [33m9[0m: local simulation latency:   [36m0.585641221s[0m

[1mRank [33m11[0m: local average loop latency: [36m2.900566ms[0m
[1mRank [33m11[0m: local simulation latency:   [36m0.580175812s[0m

[1mRank [33m13[0m: local average loop latency: [36m2.872113ms[0m
[1mRank [33m13[0m: local simulation latency:   [36m0.574523405s[0m

[1mRank [33m15[0m: local average loop latency: [36m2.843972ms[0m
[1mRank [33m15[0m: local simulation latency:   [36m0.568860002s[0m

[1mRank [33m17[0m: local average loop latency: [36m2.815699ms[0m
[1mRank [33m17[0m: local simulation latency:   [36m0.563204276s[0m

[1mRank [33m19[0m: local average loop latency: [36m2.791009ms[0m
[1mRank [33m19[0m: local simulation latency:   [36m0.558302398s[0m

[1mRank [33m21[0m: local average loop latency: [36m2.775224ms[0m
[1mRank [33m21[0m: local simulation latency:   [36m0.555145552s[0m

[1mRank [33m23[0m: local average loop latency: [36m2.759690ms[0m
[1mRank [33m23[0m: local simulation latency:   [36m0.552000966s[0m

[1mRank [33m25[0m: local average loop latency: [36m2.744882ms[0m
[1mRank [33m25[0m: local simulation latency:   [36m0.549035538s[0m

[1mRank [33m27[0m: local average loop latency: [36m2.730038ms[0m
[1mRank [33m27[0m: local simulation latency:   [36m0.546074973s[0m

[1mRank [33m29[0m: local average loop latency: [36m2.713910ms[0m
[1mRank [33m29[0m: local simulation latency:   [36m0.542884706s[0m

[1mRank [33m31[0m: local average loop latency: [36m2.684475ms[0m
[1mRank [33m31[0m: local simulation latency:   [36m0.536965360s[0m

[1mRank [33m0[0m: local average loop latency: [36m2.687583ms[0m
[1mRank [33m0[0m: local simulation latency:   [36m0.537614015s[0m

Global average loop latency:        2.841994ms
Global simulation latency:          0.568484987s
[1mRank [33m2[0m: local average loop latency: [36m3.030836ms[0m
[1mRank [33m2[0m: local simulation latency:   [36m0.606291424s[0m

[1mRank [33m4[0m: local average loop latency: [36m2.999099ms[0m
[1mRank [33m4[0m: local simulation latency:   [36m0.599934026s[0m

[1mRank [33m6[0m: local average loop latency: [36m2.970483ms[0m
[1mRank [33m6[0m: local simulation latency:   [36m0.594166885s[0m

[1mRank [33m8[0m: local average loop latency: [36m2.941151ms[0m
[1mRank [33m8[0m: local simulation latency:   [36m0.588318658s[0m

[1mRank [33m10[0m: local average loop latency: [36m2.914161ms[0m
[1mRank [33m10[0m: local simulation latency:   [36m0.582901975s[0m

[1mRank [33m12[0m: local average loop latency: [36m2.886104ms[0m
[1mRank [33m12[0m: local simulation latency:   [36m0.577286898s[0m

[1mRank [33m14[0m: local average loop latency: [36m2.857980ms[0m
[1mRank [33m14[0m: local simulation latency:   [36m0.571698644s[0m

[1mRank [33m16[0m: local average loop latency: [36m2.830081ms[0m
[1mRank [33m16[0m: local simulation latency:   [36m0.566075989s[0m

[1mRank [33m18[0m: local average loop latency: [36m2.800905ms[0m
[1mRank [33m18[0m: local simulation latency:   [36m0.560282083s[0m

[1mRank [33m20[0m: local average loop latency: [36m2.783416ms[0m
[1mRank [33m20[0m: local simulation latency:   [36m0.556784099s[0m

[1mRank [33m22[0m: local average loop latency: [36m2.767041ms[0m
[1mRank [33m22[0m: local simulation latency:   [36m0.553499878s[0m

[1mRank [33m24[0m: local average loop latency: [36m2.752124ms[0m
[1mRank [33m24[0m: local simulation latency:   [36m0.550497622s[0m

[1mRank [33m26[0m: local average loop latency: [36m2.737264ms[0m
[1mRank [33m26[0m: local simulation latency:   [36m0.547513561s[0m

[1mRank [33m28[0m: local average loop latency: [36m2.721699ms[0m
[1mRank [33m28[0m: local simulation latency:   [36m0.544442701s[0m

[1mRank [33m30[0m: local average loop latency: [36m2.700566ms[0m
[1mRank [33m30[0m: local simulation latency:   [36m0.540234254s[0m


* Info: Process finished (host knl06, process 2177491)
* Info: Process finished (host knl06, process 2177501)
* Info: Process finished (host knl06, process 2177495)
* Info: Process finished (host knl06, process 2177482)
* Info: Process finished (host knl06, process 2177484)
* Info: Process finished (host knl06, process 2177480)
* Info: Process finished (host knl06, process 2177487)
* Info: Process finished (host knl06, process 2177493)
* Info: Process finished (host knl06, process 2177499)
* Info: Process finished (host knl06, process 2177502)
* Info: Process finished (host knl06, process 2177492)
* Info: Process finished (host knl06, process 2177505)
* Info: Process finished (host knl06, process 2177477)
* Info: Process finished (host knl06, process 2177478)
* Info: Process finished (host knl06, process 2177481)
* Info: Process finished (host knl06, process 2177497)
* Info: Process finished (host knl06, process 2177489)
* Info: Process finished (host knl06, process 2177475)
* Info: Process finished (host knl06, process 2177476)
* Info: Process finished (host knl06, process 2177496)
* Info: Process finished (host knl06, process 2177504)
* Info: Process finished (host knl06, process 2177488)
* Info: Process finished (host knl06, process 2177490)
* Info: Process finished (host knl06, process 2177479)
* Info: Process finished (host knl06, process 2177494)
* Info: Process finished (host knl06, process 2177498)
* Info: Process finished (host knl06, process 2177503)
* Info: Process finished (host knl06, process 2177483)
* Info: Process finished (host knl06, process 2177485)
* Info: Process finished (host knl06, process 2177474)
* Info: Process finished (host knl06, process 2177500)
* Info: Process finished (host knl06, process 2177486)

Your experiment path is /users/user2236/lbm_opt/target/Compare/tools/lprof_npsu_run_6

To display your profiling results:
#########################################################################################################################
#    LEVEL    |     REPORT     |                                        COMMAND                                         #
#########################################################################################################################
#  Functions  |  Cluster-wide  |  maqao lprof -df xp=/users/user2236/lbm_opt/target/Compare/tools/lprof_npsu_run_6      #
#  Functions  |  Per-node      |  maqao lprof -df -dn xp=/users/user2236/lbm_opt/target/Compare/tools/lprof_npsu_run_6  #
#  Functions  |  Per-process   |  maqao lprof -df -dp xp=/users/user2236/lbm_opt/target/Compare/tools/lprof_npsu_run_6  #
#  Functions  |  Per-thread    |  maqao lprof -df -dt xp=/users/user2236/lbm_opt/target/Compare/tools/lprof_npsu_run_6  #
#  Loops      |  Cluster-wide  |  maqao lprof -dl xp=/users/user2236/lbm_opt/target/Compare/tools/lprof_npsu_run_6      #
#  Loops      |  Per-node      |  maqao lprof -dl -dn xp=/users/user2236/lbm_opt/target/Compare/tools/lprof_npsu_run_6  #
#  Loops      |  Per-process   |  maqao lprof -dl -dp xp=/users/user2236/lbm_opt/target/Compare/tools/lprof_npsu_run_6  #
#  Loops      |  Per-thread    |  maqao lprof -dl -dt xp=/users/user2236/lbm_opt/target/Compare/tools/lprof_npsu_run_6  #
#########################################################################################################################

