
* Info: Selecting the 'perf-low-ppn' engine for node knl06

* Info: Process launched (host knl06, process 1988462)
[1mTotal memory size:[0m 4800000 B, 4687 KiB, 4 MiB

n= 100000 
[1m Step    Time, s Interact/s  GFLOP/s[0m
    0  3.801e+00  2.631e+09     60.5 *
    1  3.787e+00  2.640e+09     60.7 *
    2  3.787e+00  2.641e+09     60.7 *
    3  3.789e+00  2.639e+09     60.7 
    4  3.787e+00  2.641e+09     60.7 
    5  3.788e+00  2.640e+09     60.7 
    6  3.780e+00  2.645e+09     60.8 
    7  3.779e+00  2.646e+09     60.9 
    8  3.785e+00  2.642e+09     60.8 
    9  3.779e+00  2.646e+09     60.9 
-----------------------------------------------------
[1mAverage performance:      [42m      60.8 +- 0.1 GFLOP/s[0m
-----------------------------------------------------
Somme X = 4792.222313 
Somme Y = 50006.166362 
Somme Z = 4755.581791 
Somme VX = 50021.557568 
Somme VY = -192.405040 
Somme VZ = 50014.572851 

* Info: Process finished (host knl06, process 1988462)
* Info: Dumping samples (host knl06, process 1988462)
* Info: Dumping source info for callchain nodes (host knl06, process 1988462)
* Info: Building/writing metadata (host knl06)
* Info: Finished collect step (host knl06, process 1988462)

Your experiment path is /users/user2234/Code_Nbody3D/rapport_openMP/tools/lprof_npsu_run_3

To display your profiling results:
##############################################################################################################################
#    LEVEL    |     REPORT     |                                           COMMAND                                           #
##############################################################################################################################
#  Functions  |  Cluster-wide  |  maqao lprof -df xp=/users/user2234/Code_Nbody3D/rapport_openMP/tools/lprof_npsu_run_3      #
#  Functions  |  Per-node      |  maqao lprof -df -dn xp=/users/user2234/Code_Nbody3D/rapport_openMP/tools/lprof_npsu_run_3  #
#  Functions  |  Per-process   |  maqao lprof -df -dp xp=/users/user2234/Code_Nbody3D/rapport_openMP/tools/lprof_npsu_run_3  #
#  Functions  |  Per-thread    |  maqao lprof -df -dt xp=/users/user2234/Code_Nbody3D/rapport_openMP/tools/lprof_npsu_run_3  #
#  Loops      |  Cluster-wide  |  maqao lprof -dl xp=/users/user2234/Code_Nbody3D/rapport_openMP/tools/lprof_npsu_run_3      #
#  Loops      |  Per-node      |  maqao lprof -dl -dn xp=/users/user2234/Code_Nbody3D/rapport_openMP/tools/lprof_npsu_run_3  #
#  Loops      |  Per-process   |  maqao lprof -dl -dp xp=/users/user2234/Code_Nbody3D/rapport_openMP/tools/lprof_npsu_run_3  #
#  Loops      |  Per-thread    |  maqao lprof -dl -dt xp=/users/user2234/Code_Nbody3D/rapport_openMP/tools/lprof_npsu_run_3  #
##############################################################################################################################

