
* Info: Selecting the 'perf-low-ppn' engine for node knl01

* Info: Process launched (host knl01, process 13227)

 NAS Parallel Benchmarks (NPB3.4-MZ OpenMP) - LU-MZ Benchmark

 Number of zones:   4 x   4
 Total mesh size:   128 x   128 x  16
 Iterations: 250    dt:   2.000000

 Use the default load factors
 Number of outer-level threads:     4
 Total number of threads:      4  (  1.0 inner-threads/outer-thread)

 Calculated speedup =      4.00

 Time step    1
 Time step   20
 Time step   40
 Time step   60
 Time step   80
 Time step  100
 Time step  120
 Time step  140
 Time step  160
 Time step  180
 Time step  200
 Time step  220
 Time step  240
 Time step  250

 Verification being performed for class A
 Accuracy setting for epsilon =  0.1000000000000E-07
 Comparison of RMS-norms of residual
           1   0.1131574877175E+04 0.1131574877175E+04 0.3777589255962E-13
           2   0.7965206944742E+02 0.7965206944742E+02 0.3710961687836E-13
           3   0.2705587159526E+03 0.2705587159526E+03 0.7227317005579E-13
           4   0.2129567530746E+03 0.2129567530746E+03 0.9395749676929E-13
           5   0.2260584655432E+04 0.2260584655432E+04 0.2534661379480E-13
 Comparison of RMS-norms of solution error
           1   0.1115694885382E+03 0.1115694885382E+03 0.3417396969408E-12
           2   0.1089257673798E+02 0.1089257673798E+02 0.1686242857060E-12
           3   0.2905379922066E+02 0.2905379922066E+02 0.6774340812047E-13
           4   0.2216126755530E+02 0.2216126755530E+02 0.6107881276400E-13
           5   0.2501762341026E+03 0.2501762341026E+03 0.8179686157358E-14
 Comparison of surface integral
               0.5904992211511E+03 0.5904992211511E+03 0.5987578859545E-13
 Verification Successful


 LU-MZ Benchmark Completed.
 Class           =                        A
 Size            =            128x  128x 16
 Iterations      =                      250
 Time in seconds =                    27.43
 Total o_threads =                        4
 Total threads   =                        4
 Mop/s total     =                  3741.72
 Mop/s/thread    =                   935.43
 Operation type  =           floating point
 Verification    =               SUCCESSFUL
 Version         =                    3.4.1
 Compile date    =              04 May 2022

 Compile options:
    FC           = gfortran
    FLINK        = $(FC)
    F_LIB        = (none)
    F_INC        = (none)
    FFLAGS       = -Ofast  -funroll-loops  -g -fopenmp -march=...
    FLINKFLAGS   = $(FFLAGS)
    RAND         = (none)


 Please send all errors/feedbacks to:

 NPB Development Team
 npb@nas.nasa.gov



* Info: Process finished (host knl01, process 13227)
* Info: Callchains info will be incomplete
* Info: Try to recompile your application with -fno-omit-frame-pointer or to rerun with btm=stack
* Info: Dumping samples (host knl01, process 13227)
* Info: Dumping source info for callchain nodes (host knl01, process 13227)
* Info: Building/writing metadata (host knl01)
* Info: Finished collect step (host knl01, process 13227)

Your experiment path is /users/user2222/NPB3.4.1-MZ/NPB3.4-MZ-OMP/raportomp-6/tools/lprof_npsu_run_3

To display your profiling results:
########################################################################################################################################
#    LEVEL    |     REPORT     |                                                COMMAND                                                #
########################################################################################################################################
#  Functions  |  Cluster-wide  |  maqao lprof -df xp=/users/user2222/NPB3.4.1-MZ/NPB3.4-MZ-OMP/raportomp-6/tools/lprof_npsu_run_3      #
#  Functions  |  Per-node      |  maqao lprof -df -dn xp=/users/user2222/NPB3.4.1-MZ/NPB3.4-MZ-OMP/raportomp-6/tools/lprof_npsu_run_3  #
#  Functions  |  Per-process   |  maqao lprof -df -dp xp=/users/user2222/NPB3.4.1-MZ/NPB3.4-MZ-OMP/raportomp-6/tools/lprof_npsu_run_3  #
#  Functions  |  Per-thread    |  maqao lprof -df -dt xp=/users/user2222/NPB3.4.1-MZ/NPB3.4-MZ-OMP/raportomp-6/tools/lprof_npsu_run_3  #
#  Loops      |  Cluster-wide  |  maqao lprof -dl xp=/users/user2222/NPB3.4.1-MZ/NPB3.4-MZ-OMP/raportomp-6/tools/lprof_npsu_run_3      #
#  Loops      |  Per-node      |  maqao lprof -dl -dn xp=/users/user2222/NPB3.4.1-MZ/NPB3.4-MZ-OMP/raportomp-6/tools/lprof_npsu_run_3  #
#  Loops      |  Per-process   |  maqao lprof -dl -dp xp=/users/user2222/NPB3.4.1-MZ/NPB3.4-MZ-OMP/raportomp-6/tools/lprof_npsu_run_3  #
#  Loops      |  Per-thread    |  maqao lprof -dl -dt xp=/users/user2222/NPB3.4.1-MZ/NPB3.4-MZ-OMP/raportomp-6/tools/lprof_npsu_run_3  #
########################################################################################################################################

