
* Info: Selecting the 'perf-low-ppn' engine for node knl01

* Info: Process launched (host knl01, process 385186)
[1mTotal memory size:[0m 10825728 B, 10572 KiB, 10 MiB

[1m Step    Time, s Interact/s  GFLOP/s[0m
    0  7.291e-01  6.977e+10   1604.7 *
    1  7.273e-01  6.994e+10   1608.7 *
    2  7.291e-01  6.977e+10   1604.7 *
    3  7.338e-01  6.932e+10   1594.3 
    4  7.311e-01  6.957e+10   1600.1 
    5  7.298e-01  6.970e+10   1603.0 
    6  7.375e-01  6.897e+10   1586.2 
    7  7.380e-01  6.893e+10   1585.3 
    8  7.290e-01  6.977e+10   1604.8 
    9  7.265e-01  7.002e+10   1610.4 
-----------------------------------------------------
[1mAverage performance:      [42m    1597.7 +- 8.8 GFLOP/s[0m
-----------------------------------------------------
Somme X = 11391.095885 
Somme Y = 112718.486780 
Somme Z = 11245.568786 
Somme VX = 112562.951826 
Somme VY = 435.752991 
Somme VZ = 112889.151510 

* Info: Process finished (host knl01, process 385186)
* Info: Dumping samples (host knl01, process 385186)
* Info: Dumping source info for callchain nodes (host knl01, process 385186)
* Info: Building/writing metadata (host knl01)
* Info: Finished collect step (host knl01, process 385186)

Your experiment path is /users/user2234/VersionFinaleNbody3DOptimisé/maqao_2022-05-02_22-32-52/tools/lprof_npsu_run_0

To display your profiling results:
##########################################################################################################################################################
#    LEVEL    |     REPORT     |                                                         COMMAND                                                         #
##########################################################################################################################################################
#  Functions  |  Cluster-wide  |  maqao lprof -df xp=/users/user2234/VersionFinaleNbody3DOptimisé/maqao_2022-05-02_22-32-52/tools/lprof_npsu_run_0      #
#  Functions  |  Per-node      |  maqao lprof -df -dn xp=/users/user2234/VersionFinaleNbody3DOptimisé/maqao_2022-05-02_22-32-52/tools/lprof_npsu_run_0  #
#  Functions  |  Per-process   |  maqao lprof -df -dp xp=/users/user2234/VersionFinaleNbody3DOptimisé/maqao_2022-05-02_22-32-52/tools/lprof_npsu_run_0  #
#  Functions  |  Per-thread    |  maqao lprof -df -dt xp=/users/user2234/VersionFinaleNbody3DOptimisé/maqao_2022-05-02_22-32-52/tools/lprof_npsu_run_0  #
#  Loops      |  Cluster-wide  |  maqao lprof -dl xp=/users/user2234/VersionFinaleNbody3DOptimisé/maqao_2022-05-02_22-32-52/tools/lprof_npsu_run_0      #
#  Loops      |  Per-node      |  maqao lprof -dl -dn xp=/users/user2234/VersionFinaleNbody3DOptimisé/maqao_2022-05-02_22-32-52/tools/lprof_npsu_run_0  #
#  Loops      |  Per-process   |  maqao lprof -dl -dp xp=/users/user2234/VersionFinaleNbody3DOptimisé/maqao_2022-05-02_22-32-52/tools/lprof_npsu_run_0  #
#  Loops      |  Per-thread    |  maqao lprof -dl -dt xp=/users/user2234/VersionFinaleNbody3DOptimisé/maqao_2022-05-02_22-32-52/tools/lprof_npsu_run_0  #
##########################################################################################################################################################

