
* Info: Detected 32 Lprof instances in knl06: processes-per-node/ppn set accordingly.
If this is incorrect, rerun with an explicit value for this setting

* Info: Selecting the 'perf-high-ppn' engine for node knl06

* Info: Process launched (host knl06, process 2169606)
* Info: Process launched (host knl06, process 2169607)
* Info: Process launched (host knl06, process 2169608)
* Info: Process launched (host knl06, process 2169609)
* Info: Process launched (host knl06, process 2169610)
* Info: Process launched (host knl06, process 2169612)
* Info: Process launched (host knl06, process 2169611)
* Info: Process launched (host knl06, process 2169613)
* Info: Process launched (host knl06, process 2169614)
* Info: Process launched (host knl06, process 2169615)
* Info: Process launched (host knl06, process 2169616)
* Info: Process launched (host knl06, process 2169617)
* Info: Process launched (host knl06, process 2169618)
* Info: Process launched (host knl06, process 2169619)
* Info: Process launched (host knl06, process 2169623)
* Info: Process launched (host knl06, process 2169620)
* Info: Process launched (host knl06, process 2169622)
* Info: Process launched (host knl06, process 2169621)
* Info: Process launched (host knl06, process 2169624)
* Info: Process launched (host knl06, process 2169625)
* Info: Process launched (host knl06, process 2169626)
* Info: Process launched (host knl06, process 2169627)
* Info: Process launched (host knl06, process 2169628)
* Info: Process launched (host knl06, process 2169629)
* Info: Process launched (host knl06, process 2169630)
* Info: Process launched (host knl06, process 2169631)
* Info: Process launched (host knl06, process 2169632)
* Info: Process launched (host knl06, process 2169633)
* Info: Process launched (host knl06, process 2169634)
* Info: Process launched (host knl06, process 2169635)
* Info: Process launched (host knl06, process 2169636)
* Info: Process launched (host knl06, process 2169638)[1mRank [33m1[0m: L =  0, R =  2, T = -1, B = -1 | CORNER: -1, -1, -1, -1 | POS:  25   0 (W =  27, H = 162)
[1mRank [33m2[0m: L =  1, R =  3, T = -1, B = -1 | CORNER: -1, -1, -1, -1 | POS:  50   0 (W =  27, H = 162)
[1mRank [33m5[0m: L =  4, R =  6, T = -1, B = -1 | CORNER: -1, -1, -1, -1 | POS: 125   0 (W =  27, H = 162)
[1mRank [33m6[0m: L =  5, R =  7, T = -1, B = -1 | CORNER: -1, -1, -1, -1 | POS: 150   0 (W =  27, H = 162)
[1mRank [33m10[0m: L =  9, R = 11, T = -1, B = -1 | CORNER: -1, -1, -1, -1 | POS: 250   0 (W =  27, H = 162)
[1mRank [33m11[0m: L = 10, R = 12, T = -1, B = -1 | CORNER: -1, -1, -1, -1 | POS: 275   0 (W =  27, H = 162)
[1mRank [33m15[0m: L = 14, R = 16, T = -1, B = -1 | CORNER: -1, -1, -1, -1 | POS: 375   0 (W =  27, H = 162)
[1mRank [33m19[0m: L = 18, R = 20, T = -1, B = -1 | CORNER: -1, -1, -1, -1 | POS: 475   0 (W =  27, H = 162)
[1mRank [33m20[0m: L = 19, R = 21, T = -1, B = -1 | CORNER: -1, -1, -1, -1 | POS: 500   0 (W =  27, H = 162)
[1mRank [33m25[0m: L = 24, R = 26, T = -1, B = -1 | CORNER: -1, -1, -1, -1 | POS: 625   0 (W =  27, H = 162)
[1mRank [33m29[0m: L = 28, R = 30, T = -1, B = -1 | CORNER: -1, -1, -1, -1 | POS: 725   0 (W =  27, H = 162)
[1mRank [33m31[0m: L = 30, R = -1, T = -1, B = -1 | CORNER: -1, -1, -1, -1 | POS: 775   0 (W =  27, H = 162)
[1mRank [33m16[0m: L = 15, R = 17, T = -1, B = -1 | CORNER: -1, -1, -1, -1 | POS: 400   0 (W =  27, H = 162)
[1mRank [33m9[0m: L =  8, R = 10, T = -1, B = -1 | CORNER: -1, -1, -1, -1 | POS: 225   0 (W =  27, H = 162)
[1mRank [33m17[0m: L = 16, R = 18, T = -1, B = -1 | CORNER: -1, -1, -1, -1 | POS: 425   0 (W =  27, H = 162)
[1mRank [33m22[0m: L = 21, R = 23, T = -1, B = -1 | CORNER: -1, -1, -1, -1 | POS: 550   0 (W =  27, H = 162)
[1mRank [33m24[0m: L = 23, R = 25, T = -1, B = -1 | CORNER: -1, -1, -1, -1 | POS: 600   0 (W =  27, H = 162)
[1mRank [33m8[0m: L =  7, R =  9, T = -1, B = -1 | CORNER: -1, -1, -1, -1 | POS: 200   0 (W =  27, H = 162)
[1mRank [33m23[0m: L = 22, R = 24, T = -1, B = -1 | CORNER: -1, -1, -1, -1 | POS: 575   0 (W =  27, H = 162)
[1mRank [33m18[0m: L = 17, R = 19, T = -1, B = -1 | CORNER: -1, -1, -1, -1 | POS: 450   0 (W =  27, H = 162)
[1mRank [33m27[0m: L = 26, R = 28, T = -1, B = -1 | CORNER: -1, -1, -1, -1 | POS: 675   0 (W =  27, H = 162)
=================== CONFIG ===================
iterations           = 200
width                = 800
height               = 160
obstacle x coord     = 161.000000
obstacle y coord     = 83.000000
obstacle radius      = 17.000000
reynolds number      = 100.000000
inflow max velocity  = 0.100000
output filename      = results.raw
write interval       = 50
------------ Derived parameters --------------
kinetic viscosity    = 0.034000
relax parameter      = 1.661130
==============================================
[1mRank [33m0[0m: L = -1, R =  1, T = -1, B = -1 | CORNER: -1, -1, -1, -1 | POS:   0   0 (W =  27, H = 162)
[1mRank [33m7[0m: L =  6, R =  8, T = -1, B = -1 | CORNER: -1, -1, -1, -1 | POS: 175   0 (W =  27, H = 162)
[1mRank [33m13[0m: L = 12, R = 14, T = -1, B = -1 | CORNER: -1, -1, -1, -1 | POS: 325   0 (W =  27, H = 162)
[1mRank [33m28[0m: L = 27, R = 29, T = -1, B = -1 | CORNER: -1, -1, -1, -1 | POS: 700   0 (W =  27, H = 162)
[1mRank [33m4[0m: L =  3, R =  5, T = -1, B = -1 | CORNER: -1, -1, -1, -1 | POS: 100   0 (W =  27, H = 162)
[1mRank [33m21[0m: L = 20, R = 22, T = -1, B = -1 | CORNER: -1, -1, -1, -1 | POS: 525   0 (W =  27, H = 162)
[1mRank [33m26[0m: L = 25, R = 27, T = -1, B = -1 | CORNER: -1, -1, -1, -1 | POS: 650   0 (W =  27, H = 162)
[1mRank [33m3[0m: L =  2, R =  4, T = -1, B = -1 | CORNER: -1, -1, -1, -1 | POS:  75   0 (W =  27, H = 162)
[1mRank [33m12[0m: L = 11, R = 13, T = -1, B = -1 | CORNER: -1, -1, -1, -1 | POS: 300   0 (W =  27, H = 162)
[1mRank [33m14[0m: L = 13, R = 15, T = -1, B = -1 | CORNER: -1, -1, -1, -1 | POS: 350   0 (W =  27, H = 162)
[1mRank [33m30[0m: L = 29, R = 31, T = -1, B = -1 | CORNER: -1, -1, -1, -1 | POS: 750   0 (W =  27, H = 162)
[1mRank [33m1[0m: local average loop latency: [36m2.529873ms[0m
[1mRank [33m1[0m: local simulation latency:   [36m0.506038338s[0m

[1mRank [33m3[0m: local average loop latency: [36m2.501567ms[0m
[1mRank [33m3[0m: local simulation latency:   [36m0.500401748s[0m

[1mRank [33m5[0m: local average loop latency: [36m2.474408ms[0m
[1mRank [33m5[0m: local simulation latency:   [36m0.494947827s[0m

[1mRank [33m7[0m: local average loop latency: [36m2.448074ms[0m
[1mRank [33m7[0m: local simulation latency:   [36m0.489699438s[0m

[1mRank [33m9[0m: local average loop latency: [36m2.419644ms[0m
[1mRank [33m9[0m: local simulation latency:   [36m0.484032446s[0m

[1mRank [33m11[0m: local average loop latency: [36m2.402167ms[0m
[1mRank [33m11[0m: local simulation latency:   [36m0.480496983s[0m

[1mRank [33m13[0m: local average loop latency: [36m2.379442ms[0m
[1mRank [33m13[0m: local simulation latency:   [36m0.476002210s[0m

[1mRank [33m14[0m: local average loop latency: [36m2.367009ms[0m
[1mRank [33m14[0m: local simulation latency:   [36m0.473510548s[0m

[1mRank [33m15[0m: local average loop latency: [36m2.360597ms[0m
[1mRank [33m15[0m: local simulation latency:   [36m0.472177904s[0m

[1mRank [33m17[0m: local average loop latency: [36m2.344223ms[0m
[1mRank [33m17[0m: local simulation latency:   [36m0.468963360s[0m

[1mRank [33m19[0m: local average loop latency: [36m2.323594ms[0m
[1mRank [33m19[0m: local simulation latency:   [36m0.464777528s[0m

[1mRank [33m21[0m: local average loop latency: [36m2.306103ms[0m
[1mRank [33m21[0m: local simulation latency:   [36m0.461337443s[0m

[1mRank [33m23[0m: local average loop latency: [36m2.283811ms[0m
[1mRank [33m23[0m: local simulation latency:   [36m0.456870367s[0m

[1mRank [33m25[0m: local average loop latency: [36m2.259127ms[0m
[1mRank [33m25[0m: local simulation latency:   [36m0.451927991s[0m

[1mRank [33m27[0m: local average loop latency: [36m2.228990ms[0m
[1mRank [33m27[0m: local simulation latency:   [36m0.445880928s[0m

[1mRank [33m29[0m: local average loop latency: [36m2.200559ms[0m
[1mRank [33m29[0m: local simulation latency:   [36m0.440168939s[0m

[1mRank [33m31[0m: local average loop latency: [36m2.170698ms[0m
[1mRank [33m31[0m: local simulation latency:   [36m0.434205056s[0m

[1mRank [33m0[0m: local average loop latency: [36m2.191977ms[0m
[1mRank [33m0[0m: local simulation latency:   [36m0.438506996s[0m

Global average loop latency:        2.346873ms
Global simulation latency:          0.469461829s
[1mRank [33m2[0m: local average loop latency: [36m2.517281ms[0m
[1mRank [33m2[0m: local simulation latency:   [36m0.503525094s[0m

[1mRank [33m4[0m: local average loop latency: [36m2.486306ms[0m
[1mRank [33m4[0m: local simulation latency:   [36m0.497343428s[0m

[1mRank [33m6[0m: local average loop latency: [36m2.462110ms[0m
[1mRank [33m6[0m: local simulation latency:   [36m0.492478398s[0m

[1mRank [33m8[0m: local average loop latency: [36m2.431997ms[0m
[1mRank [33m8[0m: local simulation latency:   [36m0.486458891s[0m

[1mRank [33m10[0m: local average loop latency: [36m2.408251ms[0m
[1mRank [33m10[0m: local simulation latency:   [36m0.481705228s[0m

[1mRank [33m12[0m: local average loop latency: [36m2.390969ms[0m
[1mRank [33m12[0m: local simulation latency:   [36m0.478312708s[0m

[1mRank [33m16[0m: local average loop latency: [36m2.354319ms[0m
[1mRank [33m16[0m: local simulation latency:   [36m0.470920952s[0m

[1mRank [33m18[0m: local average loop latency: [36m2.330884ms[0m
[1mRank [33m18[0m: local simulation latency:   [36m0.466277312s[0m

[1mRank [33m20[0m: local average loop latency: [36m2.317264ms[0m
[1mRank [33m20[0m: local simulation latency:   [36m0.463524265s[0m

[1mRank [33m22[0m: local average loop latency: [36m2.295628ms[0m
[1mRank [33m22[0m: local simulation latency:   [36m0.459231225s[0m

[1mRank [33m24[0m: local average loop latency: [36m2.271733ms[0m
[1mRank [33m24[0m: local simulation latency:   [36m0.454448934s[0m

[1mRank [33m26[0m: local average loop latency: [36m2.243654ms[0m
[1mRank [33m26[0m: local simulation latency:   [36m0.448847008s[0m

[1mRank [33m28[0m: local average loop latency: [36m2.213626ms[0m
[1mRank [33m28[0m: local simulation latency:   [36m0.442836011s[0m

[1mRank [33m30[0m: local average loop latency: [36m2.184065ms[0m
[1mRank [33m30[0m: local simulation latency:   [36m0.436923009s[0m


* Info: Process finished (host knl06, process 2169612)
* Info: Process finished (host knl06, process 2169616)
* Info: Process finished (host knl06, process 2169608)
* Info: Process finished (host knl06, process 2169607)
* Info: Process finished (host knl06, process 2169627)
* Info: Process finished (host knl06, process 2169613)
* Info: Process finished (host knl06, process 2169614)
* Info: Process finished (host knl06, process 2169621)
* Info: Process finished (host knl06, process 2169625)
* Info: Process finished (host knl06, process 2169631)
* Info: Process finished (host knl06, process 2169636)
* Info: Process finished (host knl06, process 2169610)
* Info: Process finished (host knl06, process 2169611)
* Info: Process finished (host knl06, process 2169619)
* Info: Process finished (host knl06, process 2169638)
* Info: Process finished (host knl06, process 2169630)
* Info: Process finished (host knl06, process 2169618)
* Info: Process finished (host knl06, process 2169632)
* Info: Process finished (host knl06, process 2169629)
* Info: Process finished (host knl06, process 2169615)
* Info: Process finished (host knl06, process 2169606)
* Info: Process finished (host knl06, process 2169626)
* Info: Process finished (host knl06, process 2169622)
* Info: Process finished (host knl06, process 2169620)
* Info: Process finished (host knl06, process 2169634)
* Info: Process finished (host knl06, process 2169628)
* Info: Process finished (host knl06, process 2169617)
* Info: Process finished (host knl06, process 2169624)
* Info: Process finished (host knl06, process 2169633)
* Info: Process finished (host knl06, process 2169623)
* Info: Process finished (host knl06, process 2169609)
* Info: Process finished (host knl06, process 2169635)

Your experiment path is /users/user2207/lbm_opt/target/multi/tools/lprof_npsu_run_6

To display your profiling results:
#######################################################################################################################
#    LEVEL    |     REPORT     |                                       COMMAND                                        #
#######################################################################################################################
#  Functions  |  Cluster-wide  |  maqao lprof -df xp=/users/user2207/lbm_opt/target/multi/tools/lprof_npsu_run_6      #
#  Functions  |  Per-node      |  maqao lprof -df -dn xp=/users/user2207/lbm_opt/target/multi/tools/lprof_npsu_run_6  #
#  Functions  |  Per-process   |  maqao lprof -df -dp xp=/users/user2207/lbm_opt/target/multi/tools/lprof_npsu_run_6  #
#  Functions  |  Per-thread    |  maqao lprof -df -dt xp=/users/user2207/lbm_opt/target/multi/tools/lprof_npsu_run_6  #
#  Loops      |  Cluster-wide  |  maqao lprof -dl xp=/users/user2207/lbm_opt/target/multi/tools/lprof_npsu_run_6      #
#  Loops      |  Per-node      |  maqao lprof -dl -dn xp=/users/user2207/lbm_opt/target/multi/tools/lprof_npsu_run_6  #
#  Loops      |  Per-process   |  maqao lprof -dl -dp xp=/users/user2207/lbm_opt/target/multi/tools/lprof_npsu_run_6  #
#  Loops      |  Per-thread    |  maqao lprof -dl -dt xp=/users/user2207/lbm_opt/target/multi/tools/lprof_npsu_run_6  #
#######################################################################################################################

