
* Info: Selecting the 'perf-low-ppn' engine for node knl06

* Info: Process launched (host knl06, process 1989214)
[1mTotal memory size:[0m 4800000 B, 4687 KiB, 4 MiB

n= 100000 
[1m Step    Time, s Interact/s  GFLOP/s[0m
    0  1.347e+00  7.426e+09    170.8 *
    1  1.317e+00  7.596e+09    174.7 *
    2  1.319e+00  7.583e+09    174.4 *
    3  1.318e+00  7.586e+09    174.5 
    4  1.314e+00  7.610e+09    175.0 
    5  1.315e+00  7.602e+09    174.8 
    6  1.316e+00  7.596e+09    174.7 
    7  1.317e+00  7.592e+09    174.6 
    8  1.319e+00  7.584e+09    174.4 
    9  1.336e+00  7.485e+09    172.1 
-----------------------------------------------------
[1mAverage performance:      [42m     174.3 +- 0.9 GFLOP/s[0m
-----------------------------------------------------
Somme X = 4792.222313 
Somme Y = 50006.166362 
Somme Z = 4755.581791 
Somme VX = 50021.557568 
Somme VY = -192.405040 
Somme VZ = 50014.572851 

* Info: Process finished (host knl06, process 1989214)
* Info: Dumping samples (host knl06, process 1989214)
* Info: Dumping source info for callchain nodes (host knl06, process 1989214)
* Info: Building/writing metadata (host knl06)
* Info: Finished collect step (host knl06, process 1989214)

Your experiment path is /users/user2234/Code_Nbody3D/rapport_openMP/tools/lprof_npsu_run_5

To display your profiling results:
##############################################################################################################################
#    LEVEL    |     REPORT     |                                           COMMAND                                           #
##############################################################################################################################
#  Functions  |  Cluster-wide  |  maqao lprof -df xp=/users/user2234/Code_Nbody3D/rapport_openMP/tools/lprof_npsu_run_5      #
#  Functions  |  Per-node      |  maqao lprof -df -dn xp=/users/user2234/Code_Nbody3D/rapport_openMP/tools/lprof_npsu_run_5  #
#  Functions  |  Per-process   |  maqao lprof -df -dp xp=/users/user2234/Code_Nbody3D/rapport_openMP/tools/lprof_npsu_run_5  #
#  Functions  |  Per-thread    |  maqao lprof -df -dt xp=/users/user2234/Code_Nbody3D/rapport_openMP/tools/lprof_npsu_run_5  #
#  Loops      |  Cluster-wide  |  maqao lprof -dl xp=/users/user2234/Code_Nbody3D/rapport_openMP/tools/lprof_npsu_run_5      #
#  Loops      |  Per-node      |  maqao lprof -dl -dn xp=/users/user2234/Code_Nbody3D/rapport_openMP/tools/lprof_npsu_run_5  #
#  Loops      |  Per-process   |  maqao lprof -dl -dp xp=/users/user2234/Code_Nbody3D/rapport_openMP/tools/lprof_npsu_run_5  #
#  Loops      |  Per-thread    |  maqao lprof -dl -dt xp=/users/user2234/Code_Nbody3D/rapport_openMP/tools/lprof_npsu_run_5  #
##############################################################################################################################

