
* Info: Detected 16 Lprof instances in knl06: processes-per-node/ppn set accordingly.
If this is incorrect, rerun with an explicit value for this setting

* Info: Selecting the 'perf-high-ppn' engine for node knl06

* Info: Process launched (host knl06, process 2169205)
* Info: Process launched (host knl06, process 2169204)
* Info: Process launched (host knl06, process 2169208)
* Info: Process launched (host knl06, process 2169210)
* Info: Process launched (host knl06, process 2169209)
* Info: Process launched (host knl06, process 2169214)
* Info: Process launched (host knl06, process 2169212)
* Info: Process launched (host knl06, process 2169213)
* Info: Process launched (host knl06, process 2169211)
* Info: Process launched (host knl06, process 2169206)
* Info: Process launched (host knl06, process 2169207)
* Info: Process launched (host knl06, process 2169219)
* Info: Process launched (host knl06, process 2169215)
* Info: Process launched (host knl06, process 2169216)
* Info: Process launched (host knl06, process 2169217)
* Info: Process launched (host knl06, process 2169218)[1mRank [33m14[0m: L = 13, R = 15, T = -1, B = -1 | CORNER: -1, -1, -1, -1 | POS: 700   0 (W =  52, H = 162)
[1mRank [33m15[0m: L = 14, R = -1, T = -1, B = -1 | CORNER: -1, -1, -1, -1 | POS: 750   0 (W =  52, H = 162)
[1mRank [33m10[0m: L =  9, R = 11, T = -1, B = -1 | CORNER: -1, -1, -1, -1 | POS: 500   0 (W =  52, H = 162)
[1mRank [33m12[0m: L = 11, R = 13, T = -1, B = -1 | CORNER: -1, -1, -1, -1 | POS: 600   0 (W =  52, H = 162)
[1mRank [33m7[0m: L =  6, R =  8, T = -1, B = -1 | CORNER: -1, -1, -1, -1 | POS: 350   0 (W =  52, H = 162)
[1mRank [33m8[0m: L =  7, R =  9, T = -1, B = -1 | CORNER: -1, -1, -1, -1 | POS: 400   0 (W =  52, H = 162)
[1mRank [33m9[0m: L =  8, R = 10, T = -1, B = -1 | CORNER: -1, -1, -1, -1 | POS: 450   0 (W =  52, H = 162)
[1mRank [33m13[0m: L = 12, R = 14, T = -1, B = -1 | CORNER: -1, -1, -1, -1 | POS: 650   0 (W =  52, H = 162)
=================== CONFIG ===================
iterations           = 200
width                = 800
height               = 160
obstacle x coord     = 161.000000
obstacle y coord     = 83.000000
obstacle radius      = 17.000000
reynolds number      = 100.000000
inflow max velocity  = 0.100000
output filename      = results.raw
write interval       = 50
------------ Derived parameters --------------
kinetic viscosity    = 0.034000
relax parameter      = 1.661130
==============================================
[1mRank [33m0[0m: L = -1, R =  1, T = -1, B = -1 | CORNER: -1, -1, -1, -1 | POS:   0   0 (W =  52, H = 162)
[1mRank [33m1[0m: L =  0, R =  2, T = -1, B = -1 | CORNER: -1, -1, -1, -1 | POS:  50   0 (W =  52, H = 162)
[1mRank [33m2[0m: L =  1, R =  3, T = -1, B = -1 | CORNER: -1, -1, -1, -1 | POS: 100   0 (W =  52, H = 162)
[1mRank [33m3[0m: L =  2, R =  4, T = -1, B = -1 | CORNER: -1, -1, -1, -1 | POS: 150   0 (W =  52, H = 162)
[1mRank [33m4[0m: L =  3, R =  5, T = -1, B = -1 | CORNER: -1, -1, -1, -1 | POS: 200   0 (W =  52, H = 162)
[1mRank [33m5[0m: L =  4, R =  6, T = -1, B = -1 | CORNER: -1, -1, -1, -1 | POS: 250   0 (W =  52, H = 162)
[1mRank [33m6[0m: L =  5, R =  7, T = -1, B = -1 | CORNER: -1, -1, -1, -1 | POS: 300   0 (W =  52, H = 162)
[1mRank [33m11[0m: L = 10, R = 12, T = -1, B = -1 | CORNER: -1, -1, -1, -1 | POS: 550   0 (W =  52, H = 162)
[1mRank [33m0[0m: local average loop latency: [36m2.874317ms[0m
[1mRank [33m0[0m: local simulation latency:   [36m0.574981563s[0m

Global average loop latency:        2.976420ms
Global simulation latency:          0.595403670s
[1mRank [33m1[0m: local average loop latency: [36m3.094826ms[0m
[1mRank [33m1[0m: local simulation latency:   [36m0.619080264s[0m

[1mRank [33m2[0m: local average loop latency: [36m3.078171ms[0m
[1mRank [33m2[0m: local simulation latency:   [36m0.615751276s[0m

[1mRank [33m3[0m: local average loop latency: [36m3.061778ms[0m
[1mRank [33m3[0m: local simulation latency:   [36m0.612482982s[0m

[1mRank [33m4[0m: local average loop latency: [36m3.045690ms[0m
[1mRank [33m4[0m: local simulation latency:   [36m0.609292797s[0m

[1mRank [33m5[0m: local average loop latency: [36m3.028620ms[0m
[1mRank [33m5[0m: local simulation latency:   [36m0.605845164s[0m

[1mRank [33m6[0m: local average loop latency: [36m3.012845ms[0m
[1mRank [33m6[0m: local simulation latency:   [36m0.602684488s[0m

[1mRank [33m7[0m: local average loop latency: [36m2.997992ms[0m
[1mRank [33m7[0m: local simulation latency:   [36m0.599715713s[0m

[1mRank [33m9[0m: local average loop latency: [36m2.967045ms[0m
[1mRank [33m9[0m: local simulation latency:   [36m0.593526018s[0m

[1mRank [33m10[0m: local average loop latency: [36m2.951599ms[0m
[1mRank [33m10[0m: local simulation latency:   [36m0.590439862s[0m

[1mRank [33m11[0m: local average loop latency: [36m2.934874ms[0m
[1mRank [33m11[0m: local simulation latency:   [36m0.587089823s[0m

[1mRank [33m12[0m: local average loop latency: [36m2.919109ms[0m
[1mRank [33m12[0m: local simulation latency:   [36m0.583933548s[0m

[1mRank [33m13[0m: local average loop latency: [36m2.902602ms[0m
[1mRank [33m13[0m: local simulation latency:   [36m0.580642060s[0m

[1mRank [33m14[0m: local average loop latency: [36m2.891084ms[0m
[1mRank [33m14[0m: local simulation latency:   [36m0.578331612s[0m

[1mRank [33m15[0m: local average loop latency: [36m2.879451ms[0m
[1mRank [33m15[0m: local simulation latency:   [36m0.576001608s[0m

[1mRank [33m8[0m: local average loop latency: [36m2.982717ms[0m
[1mRank [33m8[0m: local simulation latency:   [36m0.596659939s[0m


* Info: Process finished (host knl06, process 2169205)
* Info: Process finished (host knl06, process 2169207)
* Info: Process finished (host knl06, process 2169219)
* Info: Process finished (host knl06, process 2169217)
* Info: Process finished (host knl06, process 2169215)
* Info: Process finished (host knl06, process 2169218)
* Info: Process finished (host knl06, process 2169209)
* Info: Process finished (host knl06, process 2169216)
* Info: Process finished (host knl06, process 2169208)
* Info: Process finished (host knl06, process 2169204)
* Info: Process finished (host knl06, process 2169211)
* Info: Process finished (host knl06, process 2169212)
* Info: Process finished (host knl06, process 2169206)
* Info: Process finished (host knl06, process 2169214)
* Info: Process finished (host knl06, process 2169213)
* Info: Process finished (host knl06, process 2169210)

Your experiment path is /users/user2207/lbm_opt/target/multi/tools/lprof_npsu_run_4

To display your profiling results:
#######################################################################################################################
#    LEVEL    |     REPORT     |                                       COMMAND                                        #
#######################################################################################################################
#  Functions  |  Cluster-wide  |  maqao lprof -df xp=/users/user2207/lbm_opt/target/multi/tools/lprof_npsu_run_4      #
#  Functions  |  Per-node      |  maqao lprof -df -dn xp=/users/user2207/lbm_opt/target/multi/tools/lprof_npsu_run_4  #
#  Functions  |  Per-process   |  maqao lprof -df -dp xp=/users/user2207/lbm_opt/target/multi/tools/lprof_npsu_run_4  #
#  Functions  |  Per-thread    |  maqao lprof -df -dt xp=/users/user2207/lbm_opt/target/multi/tools/lprof_npsu_run_4  #
#  Loops      |  Cluster-wide  |  maqao lprof -dl xp=/users/user2207/lbm_opt/target/multi/tools/lprof_npsu_run_4      #
#  Loops      |  Per-node      |  maqao lprof -dl -dn xp=/users/user2207/lbm_opt/target/multi/tools/lprof_npsu_run_4  #
#  Loops      |  Per-process   |  maqao lprof -dl -dp xp=/users/user2207/lbm_opt/target/multi/tools/lprof_npsu_run_4  #
#  Loops      |  Per-thread    |  maqao lprof -dl -dt xp=/users/user2207/lbm_opt/target/multi/tools/lprof_npsu_run_4  #
#######################################################################################################################

