
* Info: Detected 16 Lprof instances in knl01: processes-per-node/ppn set accordingly.
If this is incorrect, rerun with an explicit value for this setting

* Info: Selecting the 'perf-high-ppn' engine for node knl01

* Info: Process launched (host knl01, process 44984)
* Info: Process launched (host knl01, process 44985)
* Info: Process launched (host knl01, process 44986)
* Info: Process launched (host knl01, process 44987)
* Info: Process launched (host knl01, process 44988)
* Info: Process launched (host knl01, process 44989)
* Info: Process launched (host knl01, process 44990)
* Info: Process launched (host knl01, process 44991)
* Info: Process launched (host knl01, process 44992)
* Info: Process launched (host knl01, process 44993)
* Info: Process launched (host knl01, process 44994)
* Info: Process launched (host knl01, process 44995)
* Info: Process launched (host knl01, process 44996)
* Info: Process launched (host knl01, process 44997)
* Info: Process launched (host knl01, process 44998)
* Info: Process launched (host knl01, process 44999)

 NAS Parallel Benchmarks (NPB3.4-MZ MPI+OpenMP) - LU-MZ Benchmark

 Number of zones:   4 x   4
 Total mesh size:   128 x   128 x  16
 Iterations: 250    dt:   2.000000
 Number of active processes:     16

 Use the default load factors
 Total number of threads:     16  (  1.0 threads/process)

 Calculated speedup =     16.00

 Time step    1
 Time step   20
 Time step   40
 Time step   60
 Time step   80
 Time step  100
 Time step  120
 Time step  140
 Time step  160
 Time step  180
 Time step  200
 Time step  220
 Time step  240
 Time step  250

 Verification being performed for class A
 Accuracy setting for epsilon =  0.1000000000000E-07
 Comparison of RMS-norms of residual
           1   0.1131574877175E+04 0.1131574877175E+04 0.3978524854683E-13
           2   0.7965206944742E+02 0.7965206944742E+02 0.3978579117247E-13
           3   0.2705587159526E+03 0.2705587159526E+03 0.7248326648037E-13
           4   0.2129567530746E+03 0.2129567530746E+03 0.9395749676929E-13
           5   0.2260584655432E+04 0.2260584655432E+04 0.2514545019326E-13
 Comparison of RMS-norms of solution error
           1   0.1115694885382E+03 0.1115694885382E+03 0.3413575802465E-12
           2   0.1089257673798E+02 0.1089257673798E+02 0.1692766040260E-12
           3   0.2905379922066E+02 0.2905379922066E+02 0.6749884708033E-13
           4   0.2216126755530E+02 0.2216126755530E+02 0.6172006014210E-13
           5   0.2501762341026E+03 0.2501762341026E+03 0.7611652396431E-14
 Comparison of surface integral
               0.5904992211511E+03 0.5904992211511E+03 0.6006831524688E-13
 Verification Successful


 LU-MZ Benchmark Completed.
 Class           =                        A
 Size            =            128x  128x 16
 Iterations      =                      250
 Time in seconds =                     6.72
 Total processes =                       16
 Total threads   =                       16
 Mop/s total     =                 15262.81
 Mop/s/thread    =                   953.93
 Operation type  =           floating point
 Verification    =               SUCCESSFUL
 Version         =                    3.4.1
 Compile date    =              04 May 2022

 Compile options:
    FC           = mpif90
    FLINK        = $(FC)
    F_LIB        = (none)
    F_INC        = -march=native -funroll-loops
    FFLAGS       = -O3 -g -fopenmp
    FLINKFLAGS   = $(FFLAGS)
    RAND         = (none)


 Please send all errors/feedbacks to:

 NPB Development Team
 npb@nas.nasa.gov



* Info: Process finished (host knl01, process 44984)
* Info: Process finished (host knl01, process 44990)
* Info: Process finished (host knl01, process 44997)
* Info: Process finished (host knl01, process 44996)
* Info: Process finished (host knl01, process 44991)
* Info: Process finished (host knl01, process 44994)
* Info: Process finished (host knl01, process 44986)
* Info: Process finished (host knl01, process 44985)
* Info: Process finished (host knl01, process 44987)
* Info: Process finished (host knl01, process 44993)
* Info: Process finished (host knl01, process 44992)
* Info: Process finished (host knl01, process 44988)
* Info: Process finished (host knl01, process 44995)
* Info: Process finished (host knl01, process 44998)
* Info: Process finished (host knl01, process 44999)
* Info: Process finished (host knl01, process 44989)

Info: 8/16 lprof instances finished


Info: 13/16 lprof instances finished


Your experiment path is /users/user2210/NPB3.4-MZ-MPI/bin/lu-mz/tools/lprof_npsu_run_8

To display your profiling results:
##########################################################################################################################
#    LEVEL    |     REPORT     |                                         COMMAND                                         #
##########################################################################################################################
#  Functions  |  Cluster-wide  |  maqao lprof -df xp=/users/user2210/NPB3.4-MZ-MPI/bin/lu-mz/tools/lprof_npsu_run_8      #
#  Functions  |  Per-node      |  maqao lprof -df -dn xp=/users/user2210/NPB3.4-MZ-MPI/bin/lu-mz/tools/lprof_npsu_run_8  #
#  Functions  |  Per-process   |  maqao lprof -df -dp xp=/users/user2210/NPB3.4-MZ-MPI/bin/lu-mz/tools/lprof_npsu_run_8  #
#  Functions  |  Per-thread    |  maqao lprof -df -dt xp=/users/user2210/NPB3.4-MZ-MPI/bin/lu-mz/tools/lprof_npsu_run_8  #
#  Loops      |  Cluster-wide  |  maqao lprof -dl xp=/users/user2210/NPB3.4-MZ-MPI/bin/lu-mz/tools/lprof_npsu_run_8      #
#  Loops      |  Per-node      |  maqao lprof -dl -dn xp=/users/user2210/NPB3.4-MZ-MPI/bin/lu-mz/tools/lprof_npsu_run_8  #
#  Loops      |  Per-process   |  maqao lprof -dl -dp xp=/users/user2210/NPB3.4-MZ-MPI/bin/lu-mz/tools/lprof_npsu_run_8  #
#  Loops      |  Per-thread    |  maqao lprof -dl -dt xp=/users/user2210/NPB3.4-MZ-MPI/bin/lu-mz/tools/lprof_npsu_run_8  #
##########################################################################################################################

